Base path: C:/Program Files/Unity/Editor/Data
Pipe name: \\.\pipe\UnityShaderCompiler-64bit-3-8412
Cmd: getPlatforms
Cmd: compileSnippet
  api=1 type=0 insize=982 outsize=763 kw=DIRECTIONAL SHADOWS_OFF LIGHTMAP_OFF DIRLIGHTMAP_OFF DYNAMICLIGHTMAP_ON ok=1
Cmd: compileSnippet
  api=1 type=0 insize=982 outsize=763 kw=DIRECTIONAL SHADOWS_OFF LIGHTMAP_OFF DIRLIGHTMAP_OFF DYNAMICLIGHTMAP_ON VERTEXLIGHT_ON ok=1
Cmd: compileSnippet
  api=1 type=1 insize=982 outsize=3883 kw=DIRECTIONAL SHADOWS_SCREEN LIGHTMAP_OFF DIRLIGHTMAP_OFF DYNAMICLIGHTMAP_ON ok=1
Cmd: compileSnippet
  api=4 type=0 insize=1152 outsize=3654 kw=LIGHTMAP_OFF DIRLIGHTMAP_OFF DYNAMICLIGHTMAP_ON ok=1
Cmd: compileSnippet
  api=1 type=1 insize=1152 outsize=2545 kw=LIGHTMAP_OFF DIRLIGHTMAP_OFF DYNAMICLIGHTMAP_ON ok=1
Cmd: compileSnippet
  api=8 type=0 insize=530 outsize=3380 kw= ok=1
Cmd: compileSnippet
  api=8 type=1 insize=530 outsize=3096 kw= ok=1
Cmd: compileSnippet
  api=1 type=0 insize=886 outsize=912 kw=DIRECTIONAL SHADOWS_SCREEN LIGHTMAP_OFF DIRLIGHTMAP_OFF DYNAMICLIGHTMAP_ON ok=1
Cmd: compileSnippet
  api=1 type=0 insize=886 outsize=763 kw=DIRECTIONAL SHADOWS_OFF LIGHTMAP_OFF DIRLIGHTMAP_OFF DYNAMICLIGHTMAP_ON VERTEXLIGHT_ON ok=1
Cmd: compileSnippet
  api=4 type=1 insize=886 outsize=10975 kw=DIRECTIONAL SHADOWS_SCREEN LIGHTMAP_OFF DIRLIGHTMAP_OFF DYNAMICLIGHTMAP_ON ok=1
Cmd: compileSnippet
  api=4 type=0 insize=530 outsize=2224 kw= ok=1
Cmd: compileSnippet
  api=8 type=1 insize=530 outsize=3096 kw= ok=1
Cmd: compileSnippet
  api=1 type=0 insize=7025 outsize=508 kw=DIRECTIONAL SHADOWS_OFF LIGHTMAP_OFF DIRLIGHTMAP_OFF DYNAMICLIGHTMAP_ON ok=1
Cmd: compileSnippet
  api=4 type=0 insize=7025 outsize=3037 kw=DIRECTIONAL SHADOWS_OFF LIGHTMAP_OFF DIRLIGHTMAP_OFF DYNAMICLIGHTMAP_ON ok=1
Cmd: compileSnippet
  api=1 type=0 insize=7025 outsize=1087 kw=DIRECTIONAL SHADOWS_OFF LIGHTMAP_OFF DIRLIGHTMAP_OFF DYNAMICLIGHTMAP_OFF VERTEXLIGHT_ON ok=1
Cmd: compileSnippet
  api=4 type=0 insize=7025 outsize=3037 kw=DIRECTIONAL SHADOWS_OFF LIGHTMAP_OFF DIRLIGHTMAP_OFF DYNAMICLIGHTMAP_ON VERTEXLIGHT_ON ok=1
Cmd: compileSnippet
  api=1 type=0 insize=7025 outsize=657 kw=DIRECTIONAL SHADOWS_SCREEN LIGHTMAP_OFF DIRLIGHTMAP_OFF DYNAMICLIGHTMAP_ON VERTEXLIGHT_ON ok=1
Cmd: compileSnippet
  api=8 type=0 insize=7025 outsize=8661 kw=DIRECTIONAL SHADOWS_SCREEN SHADOWS_NATIVE LIGHTMAP_OFF DIRLIGHTMAP_OFF DYNAMICLIGHTMAP_OFF VERTEXLIGHT_ON ok=1
Cmd: compileSnippet
  api=8 type=1 insize=7025 outsize=3421 kw=DIRECTIONAL SHADOWS_OFF LIGHTMAP_OFF DIRLIGHTMAP_OFF DYNAMICLIGHTMAP_OFF ok=1
Cmd: compileSnippet
  api=1 type=1 insize=7025 outsize=849 kw=DIRECTIONAL SHADOWS_SCREEN LIGHTMAP_OFF DIRLIGHTMAP_OFF DYNAMICLIGHTMAP_ON ok=1
Cmd: compileSnippet
  api=4 type=0 insize=3820 outsize=2753 kw=POINT ok=1
Cmd: compileSnippet
  api=1 type=0 insize=3820 outsize=339 kw=SPOT ok=1
Cmd: compileSnippet
  api=8 type=0 insize=3820 outsize=3892 kw=SPOT ok=1
Cmd: compileSnippet
  api=4 type=0 insize=3820 outsize=2753 kw=DIRECTIONAL_COOKIE ok=1
Cmd: compileSnippet
  api=8 type=1 insize=3820 outsize=4225 kw=POINT ok=1
Cmd: compileSnippet
  api=4 type=1 insize=3820 outsize=3386 kw=SPOT ok=1
Cmd: compileSnippet
  api=8 type=1 insize=3820 outsize=4534 kw=POINT_COOKIE ok=1
Cmd: compileSnippet
  api=8 type=0 insize=2892 outsize=3583 kw= ok=1
Cmd: compileSnippet
  api=4 type=0 insize=6085 outsize=4077 kw=LIGHTMAP_OFF DIRLIGHTMAP_OFF DYNAMICLIGHTMAP_OFF HDR_LIGHT_PREPASS_OFF ok=1
Cmd: compileSnippet
  api=4 type=0 insize=6085 outsize=4077 kw=LIGHTMAP_OFF DIRLIGHTMAP_OFF DYNAMICLIGHTMAP_OFF UNITY_HDR_ON ok=1
Cmd: compileSnippet
  api=4 type=0 insize=6085 outsize=4223 kw=LIGHTMAP_OFF DIRLIGHTMAP_OFF DYNAMICLIGHTMAP_ON UNITY_HDR_ON ok=1
Cmd: compileSnippet
  api=1 type=1 insize=6085 outsize=661 kw=LIGHTMAP_OFF DIRLIGHTMAP_OFF DYNAMICLIGHTMAP_ON HDR_LIGHT_PREPASS_OFF ok=1
Cmd: compileSnippet
  api=1 type=1 insize=6085 outsize=289 kw=LIGHTMAP_OFF DIRLIGHTMAP_OFF DYNAMICLIGHTMAP_OFF UNITY_HDR_ON ok=1
Cmd: compileSnippet
  api=4 type=1 insize=6085 outsize=1989 kw=LIGHTMAP_OFF DIRLIGHTMAP_OFF DYNAMICLIGHTMAP_ON UNITY_HDR_ON ok=1
Cmd: compileSnippet
  api=8 type=0 insize=6143 outsize=5395 kw=LIGHTMAP_OFF DIRLIGHTMAP_OFF DYNAMICLIGHTMAP_OFF HDR_LIGHT_PREPASS_OFF ok=1
Cmd: compileSnippet
  api=8 type=0 insize=6143 outsize=5395 kw=LIGHTMAP_OFF DIRLIGHTMAP_OFF DYNAMICLIGHTMAP_OFF UNITY_HDR_ON ok=1
Cmd: compileSnippet
  api=1 type=1 insize=6143 outsize=574 kw=LIGHTMAP_OFF DIRLIGHTMAP_OFF DYNAMICLIGHTMAP_ON HDR_LIGHT_PREPASS_OFF ok=1
Cmd: compileSnippet
  api=1 type=1 insize=6143 outsize=321 kw=LIGHTMAP_OFF DIRLIGHTMAP_OFF DYNAMICLIGHTMAP_OFF UNITY_HDR_ON ok=1
Cmd: compileSnippet
  api=1 type=1 insize=6143 outsize=515 kw=LIGHTMAP_OFF DIRLIGHTMAP_OFF DYNAMICLIGHTMAP_ON UNITY_HDR_ON ok=1
Cmd: compileSnippet
  api=4 type=1 insize=3083 outsize=1314 kw= ok=1
Cmd: compileSnippet
  api=1 type=0 insize=6920 outsize=545 kw=DIRECTIONAL SHADOWS_OFF LIGHTMAP_OFF DIRLIGHTMAP_OFF DYNAMICLIGHTMAP_ON ok=1
Cmd: compileSnippet
  api=1 type=0 insize=6920 outsize=733 kw=DIRECTIONAL SHADOWS_SCREEN LIGHTMAP_OFF DIRLIGHTMAP_OFF DYNAMICLIGHTMAP_OFF ok=1
Cmd: compileSnippet
  api=1 type=0 insize=6920 outsize=1112 kw=DIRECTIONAL SHADOWS_OFF LIGHTMAP_OFF DIRLIGHTMAP_OFF DYNAMICLIGHTMAP_OFF VERTEXLIGHT_ON ok=1
Cmd: compileSnippet
  api=4 type=0 insize=6920 outsize=3183 kw=DIRECTIONAL SHADOWS_OFF LIGHTMAP_OFF DIRLIGHTMAP_OFF DYNAMICLIGHTMAP_ON VERTEXLIGHT_ON ok=1
Cmd: compileSnippet
  api=1 type=0 insize=6920 outsize=694 kw=DIRECTIONAL SHADOWS_SCREEN LIGHTMAP_OFF DIRLIGHTMAP_OFF DYNAMICLIGHTMAP_ON VERTEXLIGHT_ON ok=1
Cmd: compileSnippet
  api=8 type=0 insize=6920 outsize=6484 kw=DIRECTIONAL SHADOWS_SCREEN SHADOWS_NATIVE LIGHTMAP_OFF DIRLIGHTMAP_OFF DYNAMICLIGHTMAP_OFF ok=1
Cmd: compileSnippet
  api=1 type=1 insize=6920 outsize=510 kw=DIRECTIONAL SHADOWS_OFF LIGHTMAP_OFF DIRLIGHTMAP_OFF DYNAMICLIGHTMAP_ON ok=1
Cmd: compileSnippet
  api=4 type=1 insize=6920 outsize=1786 kw=DIRECTIONAL SHADOWS_OFF LIGHTMAP_OFF DIRLIGHTMAP_OFF DYNAMICLIGHTMAP_ON ok=1
Cmd: compileSnippet
  api=8 type=1 insize=6920 outsize=2738 kw=DIRECTIONAL SHADOWS_SCREEN SHADOWS_NATIVE LIGHTMAP_OFF DIRLIGHTMAP_OFF DYNAMICLIGHTMAP_OFF ok=1
Cmd: compileSnippet
  api=8 type=0 insize=3732 outsize=4087 kw=POINT ok=1
Cmd: compileSnippet
  api=4 type=0 insize=3732 outsize=2899 kw=SPOT ok=1
Cmd: compileSnippet
  api=8 type=0 insize=3732 outsize=4087 kw=POINT_COOKIE ok=1
Cmd: compileSnippet
  api=8 type=1 insize=3732 outsize=2974 kw=POINT ok=1
Cmd: compileSnippet
  api=4 type=1 insize=3732 outsize=2517 kw=SPOT ok=1
Cmd: compileSnippet
  api=8 type=1 insize=3732 outsize=3283 kw=POINT_COOKIE ok=1
Cmd: compileSnippet
  api=4 type=1 insize=2816 outsize=697 kw= ok=1
Cmd: compileSnippet
  api=1 type=0 insize=6080 outsize=899 kw=LIGHTMAP_OFF DIRLIGHTMAP_OFF DYNAMICLIGHTMAP_ON HDR_LIGHT_PREPASS_OFF ok=1
Cmd: compileSnippet
  api=1 type=0 insize=6080 outsize=732 kw=LIGHTMAP_OFF DIRLIGHTMAP_OFF DYNAMICLIGHTMAP_OFF UNITY_HDR_ON ok=1
Cmd: compileSnippet
  api=1 type=0 insize=6080 outsize=899 kw=LIGHTMAP_OFF DIRLIGHTMAP_OFF DYNAMICLIGHTMAP_ON UNITY_HDR_ON ok=1
Cmd: compileSnippet
  api=8 type=1 insize=6080 outsize=2080 kw=LIGHTMAP_OFF DIRLIGHTMAP_OFF DYNAMICLIGHTMAP_OFF HDR_LIGHT_PREPASS_OFF ok=1
Cmd: compileSnippet
  api=8 type=1 insize=6080 outsize=1958 kw=LIGHTMAP_OFF DIRLIGHTMAP_OFF DYNAMICLIGHTMAP_OFF UNITY_HDR_ON ok=1
Cmd: compileSnippet
  api=4 type=0 insize=6013 outsize=3947 kw=LIGHTMAP_OFF DIRLIGHTMAP_OFF DYNAMICLIGHTMAP_OFF HDR_LIGHT_PREPASS_OFF ok=1
Cmd: compileSnippet
  api=4 type=0 insize=6013 outsize=3947 kw=LIGHTMAP_OFF DIRLIGHTMAP_OFF DYNAMICLIGHTMAP_OFF UNITY_HDR_ON ok=1
Cmd: compileSnippet
  api=8 type=1 insize=6013 outsize=2397 kw=LIGHTMAP_OFF DIRLIGHTMAP_OFF DYNAMICLIGHTMAP_OFF HDR_LIGHT_PREPASS_OFF ok=1
Cmd: compileSnippet
  api=8 type=1 insize=6013 outsize=2275 kw=LIGHTMAP_OFF DIRLIGHTMAP_OFF DYNAMICLIGHTMAP_OFF UNITY_HDR_ON ok=1
Cmd: compileSnippet
  api=8 type=0 insize=3081 outsize=3786 kw= ok=1
Cmd: compileSnippet
  api=8 type=0 insize=7111 outsize=9263 kw=DIRECTIONAL SHADOWS_OFF LIGHTMAP_OFF DIRLIGHTMAP_OFF DYNAMICLIGHTMAP_OFF ok=1
Cmd: compileSnippet
  api=4 type=0 insize=7111 outsize=5946 kw=DIRECTIONAL SHADOWS_SCREEN LIGHTMAP_OFF DIRLIGHTMAP_OFF DYNAMICLIGHTMAP_ON ok=1
Cmd: compileSnippet
  api=4 type=0 insize=7111 outsize=5499 kw=DIRECTIONAL SHADOWS_OFF LIGHTMAP_OFF DIRLIGHTMAP_OFF DYNAMICLIGHTMAP_ON VERTEXLIGHT_ON ok=1
Cmd: compileSnippet
  api=1 type=0 insize=7111 outsize=1819 kw=DIRECTIONAL SHADOWS_SCREEN LIGHTMAP_OFF DIRLIGHTMAP_OFF DYNAMICLIGHTMAP_ON VERTEXLIGHT_ON ok=1
Cmd: compileSnippet
  api=8 type=0 insize=7111 outsize=12691 kw=DIRECTIONAL SHADOWS_SCREEN SHADOWS_NATIVE LIGHTMAP_OFF DIRLIGHTMAP_OFF DYNAMICLIGHTMAP_OFF VERTEXLIGHT_ON ok=1
Cmd: compileSnippet
  api=1 type=1 insize=7111 outsize=546 kw=DIRECTIONAL SHADOWS_OFF LIGHTMAP_OFF DIRLIGHTMAP_OFF DYNAMICLIGHTMAP_ON ok=1
Cmd: compileSnippet
  api=1 type=1 insize=7111 outsize=375 kw=DIRECTIONAL SHADOWS_SCREEN LIGHTMAP_OFF DIRLIGHTMAP_OFF DYNAMICLIGHTMAP_OFF ok=1
Cmd: compileSnippet
  api=8 type=1 insize=7111 outsize=2990 kw=DIRECTIONAL SHADOWS_SCREEN SHADOWS_NATIVE LIGHTMAP_OFF DIRLIGHTMAP_OFF DYNAMICLIGHTMAP_OFF ok=1
Cmd: compileSnippet
  api=1 type=0 insize=3923 outsize=1552 kw=DIRECTIONAL ok=1
Cmd: compileSnippet
  api=8 type=0 insize=3923 outsize=7995 kw=DIRECTIONAL ok=1
Cmd: compileSnippet
  api=4 type=0 insize=3923 outsize=5214 kw=POINT_COOKIE ok=1
Cmd: compileSnippet
  api=4 type=0 insize=3923 outsize=5214 kw=DIRECTIONAL_COOKIE ok=1
Cmd: compileSnippet
  api=1 type=1 insize=3923 outsize=270 kw=DIRECTIONAL ok=1
Cmd: compileSnippet
  api=4 type=1 insize=3923 outsize=1412 kw=DIRECTIONAL ok=1
Cmd: compileSnippet
  api=8 type=1 insize=3923 outsize=3924 kw=SPOT ok=1
Cmd: compileSnippet
  api=4 type=1 insize=3249 outsize=1201 kw= ok=1
Cmd: compileSnippet
  api=8 type=0 insize=6272 outsize=9913 kw=LIGHTMAP_OFF DIRLIGHTMAP_OFF DYNAMICLIGHTMAP_OFF HDR_LIGHT_PREPASS_OFF ok=1
Cmd: compileSnippet
  api=1 type=0 insize=6272 outsize=2024 kw=LIGHTMAP_OFF DIRLIGHTMAP_OFF DYNAMICLIGHTMAP_ON UNITY_HDR_ON ok=1
Cmd: compileSnippet
  api=1 type=1 insize=6272 outsize=596 kw=LIGHTMAP_OFF DIRLIGHTMAP_OFF DYNAMICLIGHTMAP_ON HDR_LIGHT_PREPASS_OFF ok=1
Cmd: compileSnippet
  api=1 type=1 insize=6272 outsize=259 kw=LIGHTMAP_OFF DIRLIGHTMAP_OFF DYNAMICLIGHTMAP_OFF UNITY_HDR_ON ok=1
Cmd: compileSnippet
  api=1 type=1 insize=6272 outsize=541 kw=LIGHTMAP_OFF DIRLIGHTMAP_OFF DYNAMICLIGHTMAP_ON UNITY_HDR_ON ok=1
Cmd: compileSnippet
  api=1 type=0 insize=6204 outsize=1672 kw=LIGHTMAP_OFF DIRLIGHTMAP_OFF DYNAMICLIGHTMAP_ON HDR_LIGHT_PREPASS_OFF ok=1
Cmd: compileSnippet
  api=4 type=0 insize=6204 outsize=5499 kw=LIGHTMAP_OFF DIRLIGHTMAP_OFF DYNAMICLIGHTMAP_ON HDR_LIGHT_PREPASS_OFF ok=1
Cmd: compileSnippet
  api=1 type=0 insize=6204 outsize=1672 kw=LIGHTMAP_OFF DIRLIGHTMAP_OFF DYNAMICLIGHTMAP_ON UNITY_HDR_ON ok=1
Cmd: compileSnippet
  api=8 type=1 insize=6204 outsize=2681 kw=LIGHTMAP_OFF DIRLIGHTMAP_OFF DYNAMICLIGHTMAP_OFF HDR_LIGHT_PREPASS_OFF ok=1
Cmd: compileSnippet
  api=8 type=1 insize=6204 outsize=2559 kw=LIGHTMAP_OFF DIRLIGHTMAP_OFF DYNAMICLIGHTMAP_OFF UNITY_HDR_ON ok=1
Cmd: compileSnippet
  api=4 type=0 insize=3054 outsize=4483 kw=SHADOWS_CUBE ok=1
Cmd: compileSnippet
  api=8 type=1 insize=3054 outsize=1446 kw=SHADOWS_DEPTH ok=1
Cmd: compileSnippet
  api=4 type=1 insize=3272 outsize=1558 kw= ok=1
Cmd: compileSnippet
  api=1 type=0 insize=7502 outsize=1818 kw=DIRECTIONAL SHADOWS_OFF LIGHTMAP_OFF DIRLIGHTMAP_OFF DYNAMICLIGHTMAP_ON ok=1
Cmd: compileSnippet
  api=4 type=0 insize=7502 outsize=5873 kw=DIRECTIONAL SHADOWS_OFF LIGHTMAP_OFF DIRLIGHTMAP_OFF DYNAMICLIGHTMAP_ON ok=1
Cmd: compileSnippet
  api=1 type=0 insize=7502 outsize=2409 kw=DIRECTIONAL SHADOWS_OFF LIGHTMAP_OFF DIRLIGHTMAP_OFF DYNAMICLIGHTMAP_OFF VERTEXLIGHT_ON ok=1
Cmd: compileSnippet
  api=1 type=0 insize=7502 outsize=1818 kw=DIRECTIONAL SHADOWS_OFF LIGHTMAP_OFF DIRLIGHTMAP_OFF DYNAMICLIGHTMAP_ON VERTEXLIGHT_ON ok=1
Cmd: compileSnippet
  api=1 type=0 insize=7502 outsize=2514 kw=DIRECTIONAL SHADOWS_SCREEN LIGHTMAP_OFF DIRLIGHTMAP_OFF DYNAMICLIGHTMAP_OFF VERTEXLIGHT_ON ok=1
Cmd: compileSnippet
  api=8 type=0 insize=7502 outsize=10904 kw=DIRECTIONAL SHADOWS_SCREEN SHADOWS_NATIVE LIGHTMAP_OFF DIRLIGHTMAP_OFF DYNAMICLIGHTMAP_OFF ok=1
Cmd: compileSnippet
  api=1 type=1 insize=7502 outsize=546 kw=DIRECTIONAL SHADOWS_OFF LIGHTMAP_OFF DIRLIGHTMAP_OFF DYNAMICLIGHTMAP_ON ok=1
Cmd: compileSnippet
  api=4 type=1 insize=7502 outsize=1956 kw=DIRECTIONAL SHADOWS_OFF LIGHTMAP_OFF DIRLIGHTMAP_OFF DYNAMICLIGHTMAP_ON ok=1
Cmd: compileSnippet
  api=8 type=1 insize=7502 outsize=2990 kw=DIRECTIONAL SHADOWS_SCREEN SHADOWS_NATIVE LIGHTMAP_OFF DIRLIGHTMAP_OFF DYNAMICLIGHTMAP_OFF ok=1
Cmd: compileSnippet
  api=8 type=0 insize=4314 outsize=8556 kw=POINT ok=1
Cmd: compileSnippet
  api=4 type=0 insize=4314 outsize=5588 kw=SPOT ok=1
Cmd: compileSnippet
  api=1 type=0 insize=4314 outsize=1698 kw=DIRECTIONAL_COOKIE ok=1
Cmd: compileSnippet
  api=4 type=0 insize=4314 outsize=5588 kw=DIRECTIONAL_COOKIE ok=1
Cmd: compileSnippet
  api=1 type=1 insize=4314 outsize=270 kw=DIRECTIONAL ok=1
Cmd: compileSnippet
  api=4 type=1 insize=4314 outsize=1412 kw=DIRECTIONAL ok=1
Cmd: compileSnippet
  api=8 type=1 insize=4314 outsize=3924 kw=SPOT ok=1
Cmd: compileSnippet
  api=8 type=1 insize=4314 outsize=2860 kw=DIRECTIONAL_COOKIE ok=1
Cmd: compileSnippet
  api=8 type=0 insize=3640 outsize=8556 kw= ok=1
Cmd: compileSnippet
  api=8 type=1 insize=3640 outsize=1682 kw= ok=1
Cmd: compileSnippet
  api=1 type=0 insize=6663 outsize=2170 kw=LIGHTMAP_OFF DIRLIGHTMAP_OFF DYNAMICLIGHTMAP_ON HDR_LIGHT_PREPASS_OFF ok=1
Cmd: compileSnippet
  api=1 type=0 insize=6663 outsize=2044 kw=LIGHTMAP_OFF DIRLIGHTMAP_OFF DYNAMICLIGHTMAP_OFF UNITY_HDR_ON ok=1
Cmd: compileSnippet
  api=8 type=0 insize=6663 outsize=10473 kw=LIGHTMAP_OFF DIRLIGHTMAP_OFF DYNAMICLIGHTMAP_OFF UNITY_HDR_ON ok=1
Cmd: compileSnippet
  api=4 type=1 insize=6663 outsize=1607 kw=LIGHTMAP_OFF DIRLIGHTMAP_OFF DYNAMICLIGHTMAP_OFF HDR_LIGHT_PREPASS_OFF ok=1
Cmd: compileSnippet
  api=4 type=1 insize=6663 outsize=1558 kw=LIGHTMAP_OFF DIRLIGHTMAP_OFF DYNAMICLIGHTMAP_OFF UNITY_HDR_ON ok=1
Cmd: compileSnippet
  api=4 type=0 insize=6595 outsize=6636 kw=LIGHTMAP_OFF DIRLIGHTMAP_OFF DYNAMICLIGHTMAP_OFF HDR_LIGHT_PREPASS_OFF ok=1
Cmd: compileSnippet
  api=4 type=0 insize=6595 outsize=6636 kw=LIGHTMAP_OFF DIRLIGHTMAP_OFF DYNAMICLIGHTMAP_OFF UNITY_HDR_ON ok=1
Cmd: compileSnippet
  api=4 type=0 insize=3445 outsize=4857 kw=SHADOWS_CUBE ok=1
Cmd: compileSnippet
  api=4 type=1 insize=3445 outsize=1233 kw=SHADOWS_CUBE ok=1
Cmd: compileSnippet
  api=4 type=0 insize=3663 outsize=5320 kw= ok=1
Cmd: compileSnippet
  api=8 type=1 insize=3663 outsize=2373 kw= ok=1
Cmd: compileSnippet
  api=1 type=0 insize=63853 outsize=668 kw=DIRECTIONAL SHADOWS_OFF LIGHTMAP_OFF DIRLIGHTMAP_OFF DYNAMICLIGHTMAP_ON ok=1
Cmd: compileSnippet
  api=1 type=0 insize=63853 outsize=915 kw=DIRECTIONAL SHADOWS_SCREEN LIGHTMAP_OFF DIRLIGHTMAP_OFF DYNAMICLIGHTMAP_OFF ok=1
Cmd: compileSnippet
  api=1 type=0 insize=63853 outsize=1275 kw=DIRECTIONAL SHADOWS_OFF LIGHTMAP_OFF DIRLIGHTMAP_OFF DYNAMICLIGHTMAP_OFF VERTEXLIGHT_ON ok=1
Cmd: compileSnippet
  api=1 type=0 insize=63853 outsize=1424 kw=DIRECTIONAL SHADOWS_SCREEN LIGHTMAP_OFF DIRLIGHTMAP_OFF DYNAMICLIGHTMAP_OFF VERTEXLIGHT_ON ok=1
Cmd: compileSnippet
  api=4 type=0 insize=63853 outsize=5182 kw=DIRECTIONAL SHADOWS_OFF LIGHTMAP_OFF DIRLIGHTMAP_OFF DYNAMICLIGHTMAP_OFF _TERRAIN_NORMAL_MAP ok=1
Cmd: compileSnippet
  api=1 type=0 insize=63853 outsize=1201 kw=DIRECTIONAL SHADOWS_SCREEN LIGHTMAP_OFF DIRLIGHTMAP_OFF DYNAMICLIGHTMAP_ON _TERRAIN_NORMAL_MAP ok=1
Cmd: compileSnippet
  api=4 type=0 insize=63853 outsize=6596 kw=DIRECTIONAL SHADOWS_OFF LIGHTMAP_OFF DIRLIGHTMAP_OFF DYNAMICLIGHTMAP_OFF VERTEXLIGHT_ON _TERRAIN_NORMAL_MAP ok=1
Cmd: compileSnippet
  api=1 type=0 insize=63853 outsize=1201 kw=DIRECTIONAL SHADOWS_SCREEN LIGHTMAP_OFF DIRLIGHTMAP_OFF DYNAMICLIGHTMAP_ON VERTEXLIGHT_ON _TERRAIN_NORMAL_MAP ok=1
Cmd: compileSnippet
  api=1 type=1 insize=63853 outsize=819 kw=DIRECTIONAL SHADOWS_OFF LIGHTMAP_OFF DIRLIGHTMAP_OFF DYNAMICLIGHTMAP_OFF ok=1
Cmd: compileSnippet
  api=1 type=1 insize=63853 outsize=983 kw=DIRECTIONAL SHADOWS_SCREEN LIGHTMAP_OFF DIRLIGHTMAP_OFF DYNAMICLIGHTMAP_ON ok=1
Cmd: compileSnippet
  api=4 type=1 insize=63853 outsize=4296 kw=DIRECTIONAL SHADOWS_OFF LIGHTMAP_OFF DIRLIGHTMAP_OFF DYNAMICLIGHTMAP_OFF _TERRAIN_NORMAL_MAP ok=1
Cmd: compileSnippet
  api=4 type=1 insize=63853 outsize=4613 kw=DIRECTIONAL SHADOWS_SCREEN LIGHTMAP_OFF DIRLIGHTMAP_OFF DYNAMICLIGHTMAP_OFF _TERRAIN_NORMAL_MAP ok=1
Cmd: compileSnippet
  api=1 type=0 insize=40291 outsize=563 kw=DIRECTIONAL ok=1
Cmd: compileSnippet
  api=4 type=0 insize=40291 outsize=3256 kw=SPOT ok=1
Cmd: compileSnippet
  api=4 type=0 insize=40291 outsize=3256 kw=DIRECTIONAL_COOKIE ok=1
Cmd: compileSnippet
  api=4 type=0 insize=40291 outsize=4418 kw=DIRECTIONAL _TERRAIN_NORMAL_MAP ok=1
Cmd: compileSnippet
  api=1 type=0 insize=40291 outsize=1000 kw=DIRECTIONAL_COOKIE _TERRAIN_NORMAL_MAP ok=1
Cmd: compileSnippet
  api=4 type=1 insize=40291 outsize=2403 kw=DIRECTIONAL ok=1
Cmd: compileSnippet
  api=1 type=1 insize=40291 outsize=927 kw=POINT_COOKIE ok=1
Cmd: compileSnippet
  api=1 type=1 insize=40291 outsize=788 kw=DIRECTIONAL_COOKIE ok=1
Cmd: compileSnippet
  api=1 type=1 insize=40291 outsize=1132 kw=DIRECTIONAL _TERRAIN_NORMAL_MAP ok=1
Cmd: compileSnippet
  api=1 type=1 insize=40291 outsize=1426 kw=POINT_COOKIE _TERRAIN_NORMAL_MAP ok=1
Cmd: compileSnippet
  api=4 type=0 insize=36319 outsize=2988 kw= ok=1
Cmd: compileSnippet
  api=4 type=1 insize=36319 outsize=2493 kw= ok=1
Cmd: compileSnippet
  api=8 type=0 insize=31178 outsize=5899 kw=DIRECTIONAL SHADOWS_OFF LIGHTMAP_OFF DIRLIGHTMAP_OFF DYNAMICLIGHTMAP_OFF ok=1
Cmd: compileSnippet
  api=1 type=0 insize=31178 outsize=817 kw=DIRECTIONAL SHADOWS_SCREEN LIGHTMAP_OFF DIRLIGHTMAP_OFF DYNAMICLIGHTMAP_ON ok=1
Cmd: compileSnippet
  api=8 type=0 insize=31178 outsize=8271 kw=DIRECTIONAL SHADOWS_OFF LIGHTMAP_OFF DIRLIGHTMAP_OFF DYNAMICLIGHTMAP_OFF VERTEXLIGHT_ON ok=1
Cmd: compileSnippet
  api=4 type=0 insize=31178 outsize=3931 kw=DIRECTIONAL SHADOWS_SCREEN LIGHTMAP_OFF DIRLIGHTMAP_OFF DYNAMICLIGHTMAP_ON VERTEXLIGHT_ON ok=1
Cmd: compileSnippet
  api=4 type=1 insize=31178 outsize=2549 kw=DIRECTIONAL SHADOWS_OFF LIGHTMAP_OFF DIRLIGHTMAP_OFF DYNAMICLIGHTMAP_OFF ok=1
Cmd: compileSnippet
  api=1 type=1 insize=31178 outsize=756 kw=DIRECTIONAL SHADOWS_SCREEN LIGHTMAP_OFF DIRLIGHTMAP_OFF DYNAMICLIGHTMAP_OFF ok=1
Cmd: compileSnippet
  api=8 type=1 insize=31178 outsize=4607 kw=DIRECTIONAL SHADOWS_SCREEN SHADOWS_NATIVE LIGHTMAP_OFF DIRLIGHTMAP_OFF DYNAMICLIGHTMAP_OFF ok=1
Cmd: compileSnippet
  api=8 type=0 insize=18179 outsize=4558 kw=POINT ok=1
Cmd: compileSnippet
  api=4 type=0 insize=18179 outsize=3256 kw=SPOT ok=1
Cmd: compileSnippet
  api=4 type=0 insize=18179 outsize=3256 kw=POINT_COOKIE ok=1
Cmd: compileSnippet
  api=8 type=0 insize=18179 outsize=4558 kw=DIRECTIONAL_COOKIE ok=1
Cmd: compileSnippet
  api=1 type=1 insize=18179 outsize=651 kw=DIRECTIONAL ok=1
Cmd: compileSnippet
  api=4 type=1 insize=18179 outsize=2403 kw=DIRECTIONAL ok=1
Cmd: compileSnippet
  api=8 type=1 insize=18179 outsize=5590 kw=SPOT ok=1
Cmd: compileSnippet
  api=8 type=1 insize=18179 outsize=4477 kw=DIRECTIONAL_COOKIE ok=1
Cmd: compileSnippet
  api=4 type=0 insize=63517 outsize=4012 kw=DIRECTIONAL SHADOWS_OFF LIGHTMAP_OFF DIRLIGHTMAP_OFF DYNAMICLIGHTMAP_OFF ok=1
Cmd: compileSnippet
  api=4 type=0 insize=63517 outsize=3931 kw=DIRECTIONAL SHADOWS_SCREEN LIGHTMAP_OFF DIRLIGHTMAP_OFF DYNAMICLIGHTMAP_ON ok=1
Cmd: compileSnippet
  api=4 type=0 insize=63517 outsize=3541 kw=DIRECTIONAL SHADOWS_OFF LIGHTMAP_OFF DIRLIGHTMAP_OFF DYNAMICLIGHTMAP_ON VERTEXLIGHT_ON ok=1
Cmd: compileSnippet
  api=1 type=0 insize=63517 outsize=817 kw=DIRECTIONAL SHADOWS_SCREEN LIGHTMAP_OFF DIRLIGHTMAP_OFF DYNAMICLIGHTMAP_ON VERTEXLIGHT_ON ok=1
Cmd: compileSnippet
  api=4 type=0 insize=63517 outsize=5182 kw=DIRECTIONAL SHADOWS_OFF LIGHTMAP_OFF DIRLIGHTMAP_OFF DYNAMICLIGHTMAP_OFF _TERRAIN_NORMAL_MAP ok=1
Cmd: compileSnippet
  api=1 type=0 insize=63517 outsize=1201 kw=DIRECTIONAL SHADOWS_SCREEN LIGHTMAP_OFF DIRLIGHTMAP_OFF DYNAMICLIGHTMAP_ON _TERRAIN_NORMAL_MAP ok=1
Cmd: compileSnippet
  api=4 type=0 insize=63517 outsize=6596 kw=DIRECTIONAL SHADOWS_OFF LIGHTMAP_OFF DIRLIGHTMAP_OFF DYNAMICLIGHTMAP_OFF VERTEXLIGHT_ON _TERRAIN_NORMAL_MAP ok=1
Cmd: compileSnippet
  api=1 type=0 insize=63517 outsize=1201 kw=DIRECTIONAL SHADOWS_SCREEN LIGHTMAP_OFF DIRLIGHTMAP_OFF DYNAMICLIGHTMAP_ON VERTEXLIGHT_ON _TERRAIN_NORMAL_MAP ok=1
Cmd: compileSnippet
  api=4 type=1 insize=63517 outsize=2826 kw=DIRECTIONAL SHADOWS_OFF LIGHTMAP_OFF DIRLIGHTMAP_OFF DYNAMICLIGHTMAP_OFF ok=1
Cmd: compileSnippet
  api=1 type=1 insize=63517 outsize=914 kw=DIRECTIONAL SHADOWS_SCREEN LIGHTMAP_OFF DIRLIGHTMAP_OFF DYNAMICLIGHTMAP_ON ok=1
Cmd: compileSnippet
  api=4 type=1 insize=63517 outsize=4248 kw=DIRECTIONAL SHADOWS_OFF LIGHTMAP_OFF DIRLIGHTMAP_OFF DYNAMICLIGHTMAP_ON _TERRAIN_NORMAL_MAP ok=1
Cmd: compileSnippet
  api=4 type=1 insize=63517 outsize=4564 kw=DIRECTIONAL SHADOWS_SCREEN LIGHTMAP_OFF DIRLIGHTMAP_OFF DYNAMICLIGHTMAP_ON _TERRAIN_NORMAL_MAP ok=1
Cmd: compileSnippet
  api=1 type=0 insize=39955 outsize=563 kw=DIRECTIONAL ok=1
Cmd: compileSnippet
  api=4 type=0 insize=39955 outsize=3256 kw=SPOT ok=1
Cmd: compileSnippet
  api=1 type=0 insize=39955 outsize=1000 kw=POINT _TERRAIN_NORMAL_MAP ok=1
Cmd: compileSnippet
  api=1 type=0 insize=39955 outsize=1000 kw=SPOT _TERRAIN_NORMAL_MAP ok=1
Cmd: compileSnippet
  api=4 type=0 insize=39955 outsize=4418 kw=POINT_COOKIE _TERRAIN_NORMAL_MAP ok=1
Cmd: compileSnippet
  api=1 type=1 insize=39955 outsize=581 kw=DIRECTIONAL ok=1
Cmd: compileSnippet
  api=1 type=1 insize=39955 outsize=940 kw=SPOT ok=1
Cmd: compileSnippet
  api=4 type=1 insize=39955 outsize=2801 kw=DIRECTIONAL_COOKIE ok=1
Cmd: compileSnippet
  api=4 type=1 insize=39955 outsize=3752 kw=DIRECTIONAL _TERRAIN_NORMAL_MAP ok=1
Cmd: compileSnippet
  api=4 type=1 insize=39955 outsize=4719 kw=POINT_COOKIE _TERRAIN_NORMAL_MAP ok=1
Cmd: compileSnippet
  api=4 type=0 insize=35983 outsize=5149 kw=_TERRAIN_NORMAL_MAP ok=1
Cmd: compileSnippet
  api=1 type=1 insize=35983 outsize=688 kw=_TERRAIN_NORMAL_MAP ok=1
Cmd: compileSnippet
  api=4 type=0 insize=31010 outsize=4166 kw=DIRECTIONAL SHADOWS_OFF LIGHTMAP_OFF DIRLIGHTMAP_OFF DYNAMICLIGHTMAP_OFF ok=1
Cmd: compileSnippet
  api=4 type=0 insize=31010 outsize=4556 kw=DIRECTIONAL SHADOWS_SCREEN LIGHTMAP_OFF DIRLIGHTMAP_OFF DYNAMICLIGHTMAP_OFF ok=1
Cmd: compileSnippet
  api=4 type=0 insize=31010 outsize=5621 kw=DIRECTIONAL SHADOWS_OFF LIGHTMAP_OFF DIRLIGHTMAP_OFF DYNAMICLIGHTMAP_OFF VERTEXLIGHT_ON ok=1
Cmd: compileSnippet
  api=1 type=0 insize=31010 outsize=1345 kw=DIRECTIONAL SHADOWS_SCREEN LIGHTMAP_OFF DIRLIGHTMAP_OFF DYNAMICLIGHTMAP_OFF VERTEXLIGHT_ON ok=1
Cmd: compileSnippet
  api=8 type=0 insize=31010 outsize=9328 kw=DIRECTIONAL SHADOWS_SCREEN SHADOWS_NATIVE LIGHTMAP_OFF DIRLIGHTMAP_OFF DYNAMICLIGHTMAP_OFF VERTEXLIGHT_ON ok=1
Cmd: compileSnippet
  api=1 type=1 insize=31010 outsize=842 kw=DIRECTIONAL SHADOWS_OFF LIGHTMAP_OFF DIRLIGHTMAP_OFF DYNAMICLIGHTMAP_ON ok=1
Cmd: compileSnippet
  api=1 type=1 insize=31010 outsize=710 kw=DIRECTIONAL SHADOWS_SCREEN LIGHTMAP_OFF DIRLIGHTMAP_OFF DYNAMICLIGHTMAP_OFF ok=1
Cmd: compileSnippet
  api=4 type=0 insize=18011 outsize=3256 kw=POINT ok=1
Cmd: compileSnippet
  api=1 type=0 insize=18011 outsize=469 kw=SPOT ok=1
Cmd: compileSnippet
  api=1 type=0 insize=18011 outsize=469 kw=POINT_COOKIE ok=1
Cmd: compileSnippet
  api=1 type=0 insize=18011 outsize=469 kw=DIRECTIONAL_COOKIE ok=1
Cmd: compileSnippet
  api=8 type=1 insize=18011 outsize=4688 kw=POINT ok=1
Cmd: compileSnippet
  api=4 type=1 insize=18011 outsize=3573 kw=SPOT ok=1
Cmd: compileSnippet
  api=8 type=1 insize=18011 outsize=4997 kw=POINT_COOKIE ok=1
Cmd: compileSnippet
  api=4 type=1 insize=16055 outsize=2387 kw= ok=1
Cmd: compileSnippet
  api=8 type=0 insize=1041 outsize=3299 kw= ok=1
Cmd: compileSnippet
  api=8 type=1 insize=1041 outsize=1227 kw= ok=1
Cmd: compileSnippet
  api=4 type=1 insize=607 outsize=803 kw= ok=1
Cmd: compileSnippet
  api=8 type=0 insize=613 outsize=6037 kw= ok=1
Cmd: compileSnippet
  api=8 type=1 insize=613 outsize=1430 kw= ok=1
Cmd: compileSnippet
  api=4 type=0 insize=65644 outsize=3541 kw=DIRECTIONAL SHADOWS_OFF LIGHTMAP_OFF DIRLIGHTMAP_OFF DYNAMICLIGHTMAP_ON ok=1
Cmd: compileSnippet
  api=4 type=0 insize=65644 outsize=3931 kw=DIRECTIONAL SHADOWS_SCREEN LIGHTMAP_OFF DIRLIGHTMAP_OFF DYNAMICLIGHTMAP_ON ok=1
Cmd: compileSnippet
  api=4 type=0 insize=65644 outsize=3541 kw=DIRECTIONAL SHADOWS_OFF LIGHTMAP_OFF DIRLIGHTMAP_OFF DYNAMICLIGHTMAP_ON VERTEXLIGHT_ON ok=1
Cmd: compileSnippet
  api=1 type=0 insize=65644 outsize=817 kw=DIRECTIONAL SHADOWS_SCREEN LIGHTMAP_OFF DIRLIGHTMAP_OFF DYNAMICLIGHTMAP_ON VERTEXLIGHT_ON ok=1
Cmd: compileSnippet
  api=1 type=0 insize=65644 outsize=1167 kw=DIRECTIONAL SHADOWS_OFF LIGHTMAP_OFF DIRLIGHTMAP_OFF DYNAMICLIGHTMAP_OFF _TERRAIN_NORMAL_MAP ok=1
Cmd: compileSnippet
  api=1 type=0 insize=65644 outsize=1316 kw=DIRECTIONAL SHADOWS_SCREEN LIGHTMAP_OFF DIRLIGHTMAP_OFF DYNAMICLIGHTMAP_OFF _TERRAIN_NORMAL_MAP ok=1
Cmd: compileSnippet
  api=1 type=0 insize=65644 outsize=1707 kw=DIRECTIONAL SHADOWS_OFF LIGHTMAP_OFF DIRLIGHTMAP_OFF DYNAMICLIGHTMAP_OFF VERTEXLIGHT_ON _TERRAIN_NORMAL_MAP ok=1
Cmd: compileSnippet
  api=1 type=0 insize=65644 outsize=1856 kw=DIRECTIONAL SHADOWS_SCREEN LIGHTMAP_OFF DIRLIGHTMAP_OFF DYNAMICLIGHTMAP_OFF VERTEXLIGHT_ON _TERRAIN_NORMAL_MAP ok=1
Cmd: compileSnippet
  api=4 type=1 insize=65644 outsize=3809 kw=DIRECTIONAL SHADOWS_OFF LIGHTMAP_OFF DIRLIGHTMAP_OFF DYNAMICLIGHTMAP_OFF ok=1
Cmd: compileSnippet
  api=4 type=1 insize=65644 outsize=4134 kw=DIRECTIONAL SHADOWS_SCREEN LIGHTMAP_OFF DIRLIGHTMAP_OFF DYNAMICLIGHTMAP_ON ok=1
Cmd: compileSnippet
  api=4 type=1 insize=65644 outsize=5296 kw=DIRECTIONAL SHADOWS_OFF LIGHTMAP_OFF DIRLIGHTMAP_OFF DYNAMICLIGHTMAP_ON _TERRAIN_NORMAL_MAP ok=1
Cmd: compileSnippet
  api=1 type=1 insize=65644 outsize=1727 kw=DIRECTIONAL SHADOWS_SCREEN LIGHTMAP_OFF DIRLIGHTMAP_OFF DYNAMICLIGHTMAP_ON _TERRAIN_NORMAL_MAP ok=1
Cmd: compileSnippet
  api=4 type=0 insize=41746 outsize=3256 kw=DIRECTIONAL ok=1
Cmd: compileSnippet
  api=1 type=0 insize=41746 outsize=563 kw=POINT_COOKIE ok=1
Cmd: compileSnippet
  api=1 type=0 insize=41746 outsize=1000 kw=POINT _TERRAIN_NORMAL_MAP ok=1
Cmd: compileSnippet
  api=4 type=0 insize=41746 outsize=4418 kw=DIRECTIONAL _TERRAIN_NORMAL_MAP ok=1
Cmd: compileSnippet
  api=1 type=0 insize=41746 outsize=1000 kw=DIRECTIONAL_COOKIE _TERRAIN_NORMAL_MAP ok=1
Cmd: compileSnippet
  api=1 type=1 insize=41746 outsize=864 kw=DIRECTIONAL ok=1
Cmd: compileSnippet
  api=1 type=1 insize=41746 outsize=1095 kw=POINT_COOKIE ok=1
Cmd: compileSnippet
  api=4 type=1 insize=41746 outsize=3752 kw=DIRECTIONAL_COOKIE ok=1
Cmd: compileSnippet
  api=4 type=1 insize=41746 outsize=4703 kw=DIRECTIONAL _TERRAIN_NORMAL_MAP ok=1
Cmd: compileSnippet
  api=4 type=1 insize=41746 outsize=5661 kw=POINT_COOKIE _TERRAIN_NORMAL_MAP ok=1
Cmd: compileSnippet
  api=4 type=0 insize=37086 outsize=5149 kw=_TERRAIN_NORMAL_MAP ok=1
Cmd: compileSnippet
  api=1 type=1 insize=37086 outsize=688 kw=_TERRAIN_NORMAL_MAP ok=1
Cmd: compileSnippet
  api=4 type=0 insize=65980 outsize=4012 kw=DIRECTIONAL SHADOWS_OFF LIGHTMAP_OFF DIRLIGHTMAP_OFF DYNAMICLIGHTMAP_OFF ok=1
Cmd: compileSnippet
  api=4 type=0 insize=65980 outsize=3931 kw=DIRECTIONAL SHADOWS_SCREEN LIGHTMAP_OFF DIRLIGHTMAP_OFF DYNAMICLIGHTMAP_ON ok=1
Cmd: compileSnippet
  api=4 type=0 insize=65980 outsize=3541 kw=DIRECTIONAL SHADOWS_OFF LIGHTMAP_OFF DIRLIGHTMAP_OFF DYNAMICLIGHTMAP_ON VERTEXLIGHT_ON ok=1
Cmd: compileSnippet
  api=1 type=0 insize=65980 outsize=817 kw=DIRECTIONAL SHADOWS_SCREEN LIGHTMAP_OFF DIRLIGHTMAP_OFF DYNAMICLIGHTMAP_ON VERTEXLIGHT_ON ok=1
Cmd: compileSnippet
  api=1 type=0 insize=65980 outsize=1167 kw=DIRECTIONAL SHADOWS_OFF LIGHTMAP_OFF DIRLIGHTMAP_OFF DYNAMICLIGHTMAP_OFF _TERRAIN_NORMAL_MAP ok=1
Cmd: compileSnippet
  api=1 type=0 insize=65980 outsize=1316 kw=DIRECTIONAL SHADOWS_SCREEN LIGHTMAP_OFF DIRLIGHTMAP_OFF DYNAMICLIGHTMAP_OFF _TERRAIN_NORMAL_MAP ok=1
Cmd: compileSnippet
  api=1 type=0 insize=65980 outsize=1707 kw=DIRECTIONAL SHADOWS_OFF LIGHTMAP_OFF DIRLIGHTMAP_OFF DYNAMICLIGHTMAP_OFF VERTEXLIGHT_ON _TERRAIN_NORMAL_MAP ok=1
Cmd: compileSnippet
  api=1 type=0 insize=65980 outsize=1856 kw=DIRECTIONAL SHADOWS_SCREEN LIGHTMAP_OFF DIRLIGHTMAP_OFF DYNAMICLIGHTMAP_OFF VERTEXLIGHT_ON _TERRAIN_NORMAL_MAP ok=1
Cmd: compileSnippet
  api=1 type=1 insize=65980 outsize=1203 kw=DIRECTIONAL SHADOWS_OFF LIGHTMAP_OFF DIRLIGHTMAP_OFF DYNAMICLIGHTMAP_ON ok=1
Cmd: compileSnippet
  api=1 type=1 insize=65980 outsize=1203 kw=DIRECTIONAL SHADOWS_SCREEN LIGHTMAP_OFF DIRLIGHTMAP_OFF DYNAMICLIGHTMAP_OFF ok=1
Cmd: compileSnippet
  api=1 type=1 insize=65980 outsize=1628 kw=DIRECTIONAL SHADOWS_OFF LIGHTMAP_OFF DIRLIGHTMAP_OFF DYNAMICLIGHTMAP_OFF _TERRAIN_NORMAL_MAP ok=1
Cmd: compileSnippet
  api=1 type=1 insize=65980 outsize=1773 kw=DIRECTIONAL SHADOWS_SCREEN LIGHTMAP_OFF DIRLIGHTMAP_OFF DYNAMICLIGHTMAP_ON _TERRAIN_NORMAL_MAP ok=1
Cmd: compileSnippet
  api=4 type=0 insize=42082 outsize=3256 kw=DIRECTIONAL ok=1
Cmd: compileSnippet
  api=1 type=0 insize=42082 outsize=563 kw=POINT_COOKIE ok=1
Cmd: compileSnippet
  api=4 type=0 insize=42082 outsize=3256 kw=DIRECTIONAL_COOKIE ok=1
Cmd: compileSnippet
  api=4 type=0 insize=42082 outsize=4418 kw=DIRECTIONAL _TERRAIN_NORMAL_MAP ok=1
Cmd: compileSnippet
  api=1 type=0 insize=42082 outsize=1000 kw=DIRECTIONAL_COOKIE _TERRAIN_NORMAL_MAP ok=1
Cmd: compileSnippet
  api=4 type=1 insize=42082 outsize=3386 kw=DIRECTIONAL ok=1
Cmd: compileSnippet
  api=1 type=1 insize=42082 outsize=1278 kw=SPOT ok=1
Cmd: compileSnippet
  api=1 type=1 insize=42082 outsize=1646 kw=POINT _TERRAIN_NORMAL_MAP ok=1
Cmd: compileSnippet
  api=1 type=1 insize=42082 outsize=1809 kw=SPOT _TERRAIN_NORMAL_MAP ok=1
Cmd: compileSnippet
  api=1 type=1 insize=42082 outsize=1557 kw=DIRECTIONAL_COOKIE _TERRAIN_NORMAL_MAP ok=1
Cmd: compileSnippet
  api=1 type=0 insize=37422 outsize=1228 kw=_TERRAIN_NORMAL_MAP ok=1
Cmd: compileSnippet
  api=4 type=1 insize=37422 outsize=2590 kw=_TERRAIN_NORMAL_MAP ok=1
Cmd: compileSnippet
  api=8 type=0 insize=7037 outsize=5233 kw=DIRECTIONAL SHADOWS_OFF LIGHTMAP_OFF DIRLIGHTMAP_OFF DYNAMICLIGHTMAP_OFF ok=1
Cmd: compileSnippet
  api=1 type=0 insize=7037 outsize=657 kw=DIRECTIONAL SHADOWS_SCREEN LIGHTMAP_OFF DIRLIGHTMAP_OFF DYNAMICLIGHTMAP_ON ok=1
Cmd: compileSnippet
  api=8 type=0 insize=7037 outsize=7605 kw=DIRECTIONAL SHADOWS_OFF LIGHTMAP_OFF DIRLIGHTMAP_OFF DYNAMICLIGHTMAP_OFF VERTEXLIGHT_ON ok=1
Cmd: compileSnippet
  api=4 type=0 insize=7037 outsize=3427 kw=DIRECTIONAL SHADOWS_SCREEN LIGHTMAP_OFF DIRLIGHTMAP_OFF DYNAMICLIGHTMAP_ON VERTEXLIGHT_ON ok=1
Cmd: compileSnippet
  api=8 type=1 insize=7037 outsize=3323 kw=DIRECTIONAL SHADOWS_OFF LIGHTMAP_OFF DIRLIGHTMAP_OFF DYNAMICLIGHTMAP_OFF ok=1
Cmd: compileSnippet
  api=1 type=1 insize=7037 outsize=827 kw=DIRECTIONAL SHADOWS_SCREEN LIGHTMAP_OFF DIRLIGHTMAP_OFF DYNAMICLIGHTMAP_ON ok=1
Cmd: compileSnippet
  api=4 type=0 insize=3832 outsize=2753 kw=POINT ok=1
Cmd: compileSnippet
  api=1 type=0 insize=3832 outsize=339 kw=SPOT ok=1
Cmd: compileSnippet
  api=1 type=0 insize=3832 outsize=339 kw=POINT_COOKIE ok=1
Cmd: compileSnippet
  api=1 type=0 insize=3832 outsize=339 kw=DIRECTIONAL_COOKIE ok=1
Cmd: compileSnippet
  api=4 type=1 insize=3832 outsize=2793 kw=POINT ok=1
Cmd: compileSnippet
  api=1 type=1 insize=3832 outsize=829 kw=SPOT ok=1
Cmd: compileSnippet
  api=1 type=1 insize=3832 outsize=722 kw=POINT_COOKIE ok=1
Cmd: compileSnippet
  api=1 type=1 insize=3832 outsize=599 kw=DIRECTIONAL_COOKIE ok=1
Cmd: compileSnippet
  api=4 type=0 insize=2904 outsize=2533 kw= ok=1
Cmd: compileSnippet
  api=1 type=0 insize=6097 outsize=862 kw=LIGHTMAP_OFF DIRLIGHTMAP_OFF DYNAMICLIGHTMAP_ON HDR_LIGHT_PREPASS_OFF ok=1
Cmd: compileSnippet
  api=1 type=0 insize=6097 outsize=707 kw=LIGHTMAP_OFF DIRLIGHTMAP_OFF DYNAMICLIGHTMAP_OFF UNITY_HDR_ON ok=1
Cmd: compileSnippet
  api=1 type=0 insize=6097 outsize=862 kw=LIGHTMAP_OFF DIRLIGHTMAP_OFF DYNAMICLIGHTMAP_ON UNITY_HDR_ON ok=1
Cmd: compileSnippet
  api=1 type=1 insize=6097 outsize=639 kw=LIGHTMAP_OFF DIRLIGHTMAP_OFF DYNAMICLIGHTMAP_ON HDR_LIGHT_PREPASS_OFF ok=1
Cmd: compileSnippet
  api=4 type=1 insize=6097 outsize=1981 kw=LIGHTMAP_OFF DIRLIGHTMAP_OFF DYNAMICLIGHTMAP_ON HDR_LIGHT_PREPASS_OFF ok=1
Cmd: compileSnippet
  api=4 type=1 insize=6097 outsize=1924 kw=LIGHTMAP_OFF DIRLIGHTMAP_OFF DYNAMICLIGHTMAP_ON UNITY_HDR_ON ok=1
Cmd: compileSnippet
  api=4 type=1 insize=3095 outsize=1249 kw= ok=1
Cmd: compileSnippet
  api=1 type=0 insize=70500 outsize=915 kw=DIRECTIONAL SHADOWS_SCREEN LIGHTMAP_OFF DIRLIGHTMAP_OFF DYNAMICLIGHTMAP_OFF ok=1
Cmd: compileSnippet
  api=1 type=0 insize=70500 outsize=1275 kw=DIRECTIONAL SHADOWS_OFF LIGHTMAP_OFF DIRLIGHTMAP_OFF DYNAMICLIGHTMAP_OFF VERTEXLIGHT_ON ok=1
Cmd: compileSnippet
  api=1 type=0 insize=70500 outsize=1424 kw=DIRECTIONAL SHADOWS_SCREEN LIGHTMAP_OFF DIRLIGHTMAP_OFF DYNAMICLIGHTMAP_OFF VERTEXLIGHT_ON ok=1
Cmd: compileSnippet
  api=4 type=0 insize=70500 outsize=5182 kw=DIRECTIONAL SHADOWS_OFF LIGHTMAP_OFF DIRLIGHTMAP_OFF DYNAMICLIGHTMAP_OFF _TERRAIN_NORMAL_MAP ok=1
Cmd: compileSnippet
  api=4 type=0 insize=70500 outsize=5572 kw=DIRECTIONAL SHADOWS_SCREEN LIGHTMAP_OFF DIRLIGHTMAP_OFF DYNAMICLIGHTMAP_OFF _TERRAIN_NORMAL_MAP ok=1
Cmd: compileSnippet
  api=1 type=0 insize=70500 outsize=1052 kw=DIRECTIONAL SHADOWS_OFF LIGHTMAP_OFF DIRLIGHTMAP_OFF DYNAMICLIGHTMAP_ON VERTEXLIGHT_ON _TERRAIN_NORMAL_MAP ok=1
Cmd: compileSnippet
  api=4 type=0 insize=70500 outsize=6986 kw=DIRECTIONAL SHADOWS_SCREEN LIGHTMAP_OFF DIRLIGHTMAP_OFF DYNAMICLIGHTMAP_OFF VERTEXLIGHT_ON _TERRAIN_NORMAL_MAP ok=1
Cmd: compileSnippet
  api=1 type=1 insize=70500 outsize=4217 kw=DIRECTIONAL SHADOWS_OFF LIGHTMAP_OFF DIRLIGHTMAP_OFF DYNAMICLIGHTMAP_ON ok=1
Cmd: compileSnippet
  api=4 type=1 insize=70500 outsize=12031 kw=DIRECTIONAL SHADOWS_SCREEN LIGHTMAP_OFF DIRLIGHTMAP_OFF DYNAMICLIGHTMAP_ON ok=1
Cmd: compileSnippet
  api=4 type=1 insize=70500 outsize=13226 kw=DIRECTIONAL SHADOWS_OFF LIGHTMAP_OFF DIRLIGHTMAP_OFF DYNAMICLIGHTMAP_ON _TERRAIN_NORMAL_MAP ok=1
Cmd: compileSnippet
  api=1 type=1 insize=70500 outsize=4795 kw=DIRECTIONAL SHADOWS_SCREEN LIGHTMAP_OFF DIRLIGHTMAP_OFF DYNAMICLIGHTMAP_ON _TERRAIN_NORMAL_MAP ok=1
Cmd: compileSnippet
  api=4 type=0 insize=46630 outsize=3256 kw=DIRECTIONAL SHADOWS_OFF ok=1
Cmd: compileSnippet
  api=1 type=0 insize=46630 outsize=563 kw=POINT_COOKIE SHADOWS_OFF ok=1
Cmd: compileSnippet
  api=4 type=0 insize=46630 outsize=3256 kw=DIRECTIONAL_COOKIE SHADOWS_OFF ok=1
Cmd: compileSnippet
  api=1 type=0 insize=46630 outsize=732 kw=DIRECTIONAL_COOKIE SHADOWS_SCREEN ok=1
Cmd: compileSnippet
  api=1 type=0 insize=46630 outsize=620 kw=POINT_COOKIE SHADOWS_CUBE ok=1
Cmd: compileSnippet
  api=4 type=0 insize=46630 outsize=3979 kw=SPOT SHADOWS_DEPTH SHADOWS_SOFT SHADOWS_NATIVE ok=1
Cmd: compileSnippet
  api=1 type=0 insize=46630 outsize=1000 kw=POINT SHADOWS_OFF _TERRAIN_NORMAL_MAP ok=1
Cmd: compileSnippet
  api=1 type=0 insize=46630 outsize=1000 kw=SPOT SHADOWS_OFF _TERRAIN_NORMAL_MAP ok=1
Cmd: compileSnippet
  api=4 type=0 insize=46630 outsize=4418 kw=POINT_COOKIE SHADOWS_OFF _TERRAIN_NORMAL_MAP ok=1
Cmd: compileSnippet
  api=1 type=0 insize=46630 outsize=1149 kw=DIRECTIONAL SHADOWS_SCREEN _TERRAIN_NORMAL_MAP ok=1
Cmd: compileSnippet
  api=4 type=0 insize=46630 outsize=4808 kw=DIRECTIONAL_COOKIE SHADOWS_SCREEN _TERRAIN_NORMAL_MAP ok=1
Cmd: compileSnippet
  api=1 type=0 insize=46630 outsize=1123 kw=SPOT SHADOWS_DEPTH SHADOWS_SOFT SHADOWS_NATIVE _TERRAIN_NORMAL_MAP ok=1
Cmd: compileSnippet
  api=4 type=0 insize=46630 outsize=4638 kw=POINT SHADOWS_CUBE SHADOWS_SOFT _TERRAIN_NORMAL_MAP ok=1
Cmd: compileSnippet
  api=4 type=1 insize=46630 outsize=7010 kw=DIRECTIONAL SHADOWS_OFF ok=1
Cmd: compileSnippet
  api=1 type=1 insize=46630 outsize=2818 kw=SPOT SHADOWS_OFF ok=1
Cmd: compileSnippet
  api=4 type=1 insize=46630 outsize=7481 kw=DIRECTIONAL_COOKIE SHADOWS_OFF ok=1
Cmd: compileSnippet
  api=1 type=1 insize=46630 outsize=2551 kw=DIRECTIONAL SHADOWS_SCREEN ok=1
Cmd: compileSnippet
  api=1 type=1 insize=46630 outsize=2900 kw=POINT SHADOWS_CUBE ok=1
Cmd: compileSnippet
  api=4 type=1 insize=46630 outsize=9293 kw=SPOT SHADOWS_DEPTH SHADOWS_SOFT SHADOWS_NATIVE ok=1
Cmd: compileSnippet
  api=1 type=1 insize=46630 outsize=3246 kw=POINT_COOKIE SHADOWS_CUBE SHADOWS_SOFT ok=1
Cmd: compileSnippet
  api=1 type=1 insize=46630 outsize=2985 kw=DIRECTIONAL SHADOWS_OFF _TERRAIN_NORMAL_MAP ok=1
Cmd: compileSnippet
  api=1 type=1 insize=46630 outsize=3212 kw=POINT_COOKIE SHADOWS_OFF _TERRAIN_NORMAL_MAP ok=1
Cmd: compileSnippet
  api=4 type=1 insize=46630 outsize=10106 kw=SPOT SHADOWS_DEPTH SHADOWS_NATIVE _TERRAIN_NORMAL_MAP ok=1
Cmd: compileSnippet
  api=4 type=1 insize=46630 outsize=9740 kw=POINT SHADOWS_CUBE _TERRAIN_NORMAL_MAP ok=1
Cmd: compileSnippet
  api=1 type=1 insize=46630 outsize=3694 kw=SPOT SHADOWS_DEPTH SHADOWS_SOFT SHADOWS_NATIVE _TERRAIN_NORMAL_MAP ok=1
Cmd: compileSnippet
  api=4 type=1 insize=46630 outsize=10699 kw=POINT_COOKIE SHADOWS_CUBE SHADOWS_SOFT _TERRAIN_NORMAL_MAP ok=1
Cmd: compileSnippet
  api=1 type=0 insize=41974 outsize=1228 kw=_TERRAIN_NORMAL_MAP ok=1
Cmd: compileSnippet
  api=1 type=1 insize=41974 outsize=688 kw=_TERRAIN_NORMAL_MAP ok=1
Cmd: compileSnippet
  api=4 type=0 insize=70836 outsize=3541 kw=DIRECTIONAL SHADOWS_OFF LIGHTMAP_OFF DIRLIGHTMAP_OFF DYNAMICLIGHTMAP_ON ok=1
Cmd: compileSnippet
  api=1 type=0 insize=70836 outsize=817 kw=DIRECTIONAL SHADOWS_SCREEN LIGHTMAP_OFF DIRLIGHTMAP_OFF DYNAMICLIGHTMAP_ON ok=1
Cmd: compileSnippet
  api=4 type=0 insize=70836 outsize=5466 kw=DIRECTIONAL SHADOWS_OFF LIGHTMAP_OFF DIRLIGHTMAP_OFF DYNAMICLIGHTMAP_OFF VERTEXLIGHT_ON ok=1
Cmd: compileSnippet
  api=4 type=0 insize=70836 outsize=3931 kw=DIRECTIONAL SHADOWS_SCREEN LIGHTMAP_OFF DIRLIGHTMAP_OFF DYNAMICLIGHTMAP_ON VERTEXLIGHT_ON ok=1
Cmd: compileSnippet
  api=1 type=0 insize=70836 outsize=1052 kw=DIRECTIONAL SHADOWS_OFF LIGHTMAP_OFF DIRLIGHTMAP_OFF DYNAMICLIGHTMAP_ON _TERRAIN_NORMAL_MAP ok=1
Cmd: compileSnippet
  api=4 type=0 insize=70836 outsize=5572 kw=DIRECTIONAL SHADOWS_SCREEN LIGHTMAP_OFF DIRLIGHTMAP_OFF DYNAMICLIGHTMAP_OFF _TERRAIN_NORMAL_MAP ok=1
Cmd: compileSnippet
  api=1 type=0 insize=70836 outsize=1052 kw=DIRECTIONAL SHADOWS_OFF LIGHTMAP_OFF DIRLIGHTMAP_OFF DYNAMICLIGHTMAP_ON VERTEXLIGHT_ON _TERRAIN_NORMAL_MAP ok=1
Cmd: compileSnippet
  api=4 type=0 insize=70836 outsize=6986 kw=DIRECTIONAL SHADOWS_SCREEN LIGHTMAP_OFF DIRLIGHTMAP_OFF DYNAMICLIGHTMAP_OFF VERTEXLIGHT_ON _TERRAIN_NORMAL_MAP ok=1
Cmd: compileSnippet
  api=1 type=1 insize=70836 outsize=4323 kw=DIRECTIONAL SHADOWS_OFF LIGHTMAP_OFF DIRLIGHTMAP_OFF DYNAMICLIGHTMAP_ON ok=1
Cmd: compileSnippet
  api=4 type=1 insize=70836 outsize=12137 kw=DIRECTIONAL SHADOWS_SCREEN LIGHTMAP_OFF DIRLIGHTMAP_OFF DYNAMICLIGHTMAP_ON ok=1
Cmd: compileSnippet
  api=1 type=1 insize=70836 outsize=4739 kw=DIRECTIONAL SHADOWS_OFF LIGHTMAP_OFF DIRLIGHTMAP_OFF DYNAMICLIGHTMAP_ON _TERRAIN_NORMAL_MAP ok=1
Cmd: compileSnippet
  api=4 type=1 insize=70836 outsize=13640 kw=DIRECTIONAL SHADOWS_SCREEN LIGHTMAP_OFF DIRLIGHTMAP_OFF DYNAMICLIGHTMAP_ON _TERRAIN_NORMAL_MAP ok=1
Cmd: compileSnippet
  api=4 type=0 insize=46966 outsize=3256 kw=POINT SHADOWS_OFF ok=1
Cmd: compileSnippet
  api=1 type=0 insize=46966 outsize=563 kw=POINT_COOKIE SHADOWS_OFF ok=1
Cmd: compileSnippet
  api=4 type=0 insize=46966 outsize=3256 kw=DIRECTIONAL_COOKIE SHADOWS_OFF ok=1
Cmd: compileSnippet
  api=1 type=0 insize=46966 outsize=732 kw=DIRECTIONAL_COOKIE SHADOWS_SCREEN ok=1
Cmd: compileSnippet
  api=4 type=0 insize=46966 outsize=3476 kw=POINT SHADOWS_CUBE ok=1
Cmd: compileSnippet
  api=1 type=0 insize=46966 outsize=620 kw=POINT SHADOWS_CUBE SHADOWS_SOFT ok=1
Cmd: compileSnippet
  api=4 type=0 insize=46966 outsize=3476 kw=POINT_COOKIE SHADOWS_CUBE SHADOWS_SOFT ok=1
Cmd: compileSnippet
  api=4 type=0 insize=46966 outsize=4418 kw=DIRECTIONAL SHADOWS_OFF _TERRAIN_NORMAL_MAP ok=1
Cmd: compileSnippet
  api=1 type=0 insize=46966 outsize=1000 kw=DIRECTIONAL_COOKIE SHADOWS_OFF _TERRAIN_NORMAL_MAP ok=1
Cmd: compileSnippet
  api=4 type=0 insize=46966 outsize=5141 kw=SPOT SHADOWS_DEPTH SHADOWS_NATIVE _TERRAIN_NORMAL_MAP ok=1
Cmd: compileSnippet
  api=1 type=0 insize=46966 outsize=1057 kw=POINT SHADOWS_CUBE _TERRAIN_NORMAL_MAP ok=1
Cmd: compileSnippet
  api=4 type=0 insize=46966 outsize=4638 kw=POINT_COOKIE SHADOWS_CUBE _TERRAIN_NORMAL_MAP ok=1
Cmd: compileSnippet
  api=1 type=0 insize=46966 outsize=1057 kw=POINT_COOKIE SHADOWS_CUBE SHADOWS_SOFT _TERRAIN_NORMAL_MAP ok=1
Cmd: compileSnippet
  api=4 type=1 insize=46966 outsize=7116 kw=DIRECTIONAL SHADOWS_OFF ok=1
Cmd: compileSnippet
  api=1 type=1 insize=46966 outsize=2887 kw=SPOT SHADOWS_OFF ok=1
Cmd: compileSnippet
  api=4 type=1 insize=46966 outsize=8863 kw=SPOT SHADOWS_DEPTH SHADOWS_NATIVE ok=1
Cmd: compileSnippet
  api=1 type=1 insize=46966 outsize=2713 kw=DIRECTIONAL_COOKIE SHADOWS_SCREEN ok=1
Cmd: compileSnippet
  api=1 type=1 insize=46966 outsize=2994 kw=POINT_COOKIE SHADOWS_CUBE ok=1
Cmd: compileSnippet
  api=1 type=1 insize=46966 outsize=3227 kw=POINT SHADOWS_CUBE SHADOWS_SOFT ok=1
Cmd: compileSnippet
  api=4 type=1 insize=46966 outsize=9456 kw=POINT_COOKIE SHADOWS_CUBE SHADOWS_SOFT ok=1
Cmd: compileSnippet
  api=1 type=1 insize=46966 outsize=3021 kw=DIRECTIONAL SHADOWS_OFF _TERRAIN_NORMAL_MAP ok=1
Cmd: compileSnippet
  api=4 type=1 insize=46966 outsize=9399 kw=POINT_COOKIE SHADOWS_OFF _TERRAIN_NORMAL_MAP ok=1
Cmd: compileSnippet
  api=1 type=1 insize=46966 outsize=3473 kw=SPOT SHADOWS_DEPTH SHADOWS_NATIVE _TERRAIN_NORMAL_MAP ok=1
Cmd: compileSnippet
  api=4 type=1 insize=46966 outsize=9862 kw=POINT SHADOWS_CUBE _TERRAIN_NORMAL_MAP ok=1
Cmd: compileSnippet
  api=1 type=1 insize=46966 outsize=3730 kw=SPOT SHADOWS_DEPTH SHADOWS_SOFT SHADOWS_NATIVE _TERRAIN_NORMAL_MAP ok=1
Cmd: compileSnippet
  api=4 type=1 insize=46966 outsize=10821 kw=POINT_COOKIE SHADOWS_CUBE SHADOWS_SOFT _TERRAIN_NORMAL_MAP ok=1
Cmd: compileSnippet
  api=1 type=0 insize=42310 outsize=1228 kw=_TERRAIN_NORMAL_MAP ok=1
Cmd: compileSnippet
  api=4 type=1 insize=42310 outsize=2493 kw= ok=1
Cmd: compileSnippet
  api=4 type=1 insize=7250 outsize=10163 kw=DIRECTIONAL SHADOWS_OFF LIGHTMAP_OFF DIRLIGHTMAP_OFF DYNAMICLIGHTMAP_OFF ok=1
Cmd: compileSnippet
  api=1 type=1 insize=7250 outsize=3622 kw=DIRECTIONAL SHADOWS_SCREEN LIGHTMAP_OFF DIRLIGHTMAP_OFF DYNAMICLIGHTMAP_OFF ok=1
Cmd: compileSnippet
  api=4 type=0 insize=4059 outsize=2753 kw=DIRECTIONAL SHADOWS_OFF ok=1
Cmd: compileSnippet
  api=1 type=0 insize=4059 outsize=403 kw=POINT_COOKIE SHADOWS_OFF ok=1
Cmd: compileSnippet
  api=4 type=0 insize=4059 outsize=2753 kw=DIRECTIONAL_COOKIE SHADOWS_OFF ok=1
Cmd: compileSnippet
  api=1 type=0 insize=4059 outsize=572 kw=DIRECTIONAL_COOKIE SHADOWS_SCREEN ok=1
Cmd: compileSnippet
  api=4 type=0 insize=4059 outsize=2972 kw=POINT SHADOWS_CUBE ok=1
Cmd: compileSnippet
  api=1 type=0 insize=4059 outsize=460 kw=POINT SHADOWS_CUBE SHADOWS_SOFT ok=1
Cmd: compileSnippet
  api=4 type=0 insize=4059 outsize=2972 kw=POINT_COOKIE SHADOWS_CUBE SHADOWS_SOFT ok=1
Cmd: compileSnippet
  api=4 type=1 insize=4059 outsize=5434 kw=DIRECTIONAL SHADOWS_OFF ok=1
Cmd: compileSnippet
  api=1 type=1 insize=4059 outsize=2246 kw=SPOT SHADOWS_OFF ok=1
Cmd: compileSnippet
  api=1 type=1 insize=4059 outsize=2055 kw=DIRECTIONAL_COOKIE SHADOWS_OFF ok=1
Cmd: compileSnippet
  api=1 type=1 insize=4059 outsize=2005 kw=DIRECTIONAL SHADOWS_SCREEN ok=1
Cmd: compileSnippet
  api=4 type=1 insize=4059 outsize=6848 kw=POINT SHADOWS_CUBE ok=1
Cmd: compileSnippet
  api=4 type=1 insize=4059 outsize=7823 kw=SPOT SHADOWS_DEPTH SHADOWS_SOFT SHADOWS_NATIVE ok=1
Cmd: compileSnippet
  api=4 type=1 insize=4059 outsize=7806 kw=POINT_COOKIE SHADOWS_CUBE SHADOWS_SOFT ok=1
Cmd: compileSnippet
  api=1 type=0 insize=6368 outsize=508 kw=LIGHTMAP_OFF DIRLIGHTMAP_OFF DYNAMICLIGHTMAP_ON HDR_LIGHT_PREPASS_OFF ok=1
Cmd: compileSnippet
  api=1 type=0 insize=6368 outsize=606 kw=LIGHTMAP_OFF DIRLIGHTMAP_OFF DYNAMICLIGHTMAP_OFF UNITY_HDR_ON ok=1
Cmd: compileSnippet
  api=4 type=1 insize=6368 outsize=7400 kw=LIGHTMAP_OFF DIRLIGHTMAP_OFF DYNAMICLIGHTMAP_ON HDR_LIGHT_PREPASS_OFF ok=1
Cmd: compileSnippet
  api=1 type=1 insize=6368 outsize=2188 kw=LIGHTMAP_OFF DIRLIGHTMAP_OFF DYNAMICLIGHTMAP_OFF UNITY_HDR_ON ok=1
Cmd: compileSnippet
  api=1 type=0 insize=6810 outsize=657 kw=DIRECTIONAL SHADOWS_SCREEN LIGHTMAP_OFF DIRLIGHTMAP_OFF DYNAMICLIGHTMAP_ON ok=1
Cmd: compileSnippet
  api=1 type=0 insize=6810 outsize=508 kw=DIRECTIONAL SHADOWS_OFF LIGHTMAP_OFF DIRLIGHTMAP_OFF DYNAMICLIGHTMAP_ON VERTEXLIGHT_ON ok=1
Cmd: compileSnippet
  api=4 type=1 insize=6810 outsize=1713 kw=DIRECTIONAL SHADOWS_OFF LIGHTMAP_OFF DIRLIGHTMAP_OFF DYNAMICLIGHTMAP_ON ok=1
Cmd: compileSnippet
  api=4 type=0 insize=5995 outsize=4223 kw=LIGHTMAP_OFF DIRLIGHTMAP_OFF DYNAMICLIGHTMAP_ON HDR_LIGHT_PREPASS_OFF ok=1
Cmd: compileSnippet
  api=4 type=1 insize=5995 outsize=1843 kw=LIGHTMAP_OFF DIRLIGHTMAP_OFF DYNAMICLIGHTMAP_ON HDR_LIGHT_PREPASS_OFF ok=1
Cmd: compileSnippet
  api=1 type=0 insize=5928 outsize=508 kw=LIGHTMAP_OFF DIRLIGHTMAP_OFF DYNAMICLIGHTMAP_ON HDR_LIGHT_PREPASS_OFF ok=1
Cmd: compileSnippet
  api=4 type=1 insize=5928 outsize=1997 kw=LIGHTMAP_OFF DIRLIGHTMAP_OFF DYNAMICLIGHTMAP_ON HDR_LIGHT_PREPASS_OFF ok=1
Cmd: compileSnippet
  api=8 type=0 insize=2996 outsize=3591 kw= ok=1
Cmd: compileSnippet
  api=8 type=1 insize=2996 outsize=2048 kw= ok=1
Unhandled exception: Readfile from pipe failed. GLE=The pipe has been ended.


Quitting shader compiler process
